#
# A fatal error has been detected by the Java Runtime Environment:
#
#  EXCEPTION_ACCESS_VIOLATION (0xc0000005) at pc=0x0000000056c251be, pid=8808, tid=0x00000000000022ec
#
# JRE version: Java(TM) SE Runtime Environment (8.0_144-b01) (build 1.8.0_144-b01)
# Java VM: Java HotSpot(TM) 64-Bit Server VM (25.144-b01 mixed mode windows-amd64 compressed oops)
# Problematic frame:
# V  [jvm.dll+0x1151be]
#
# Failed to write core dump. Minidumps are not enabled by default on client versions of Windows
#
# If you would like to submit a bug report, please visit:
#   http://bugreport.java.com/bugreport/crash.jsp
#

---------------  T H R E A D  ---------------

Current thread (0x00000000025bb800):  GCTaskThread [stack: 0x0000000012270000,0x0000000012370000] [id=8940]

siginfo: ExceptionCode=0xc0000005, reading address 0xffffffffffffffff

Registers:
RAX=0x48243c894c082474, RBX=0x00000000a10b65d0, RCX=0x0000000003a003a8, RDX=0x00000000a10b65d0
RSP=0x000000001236f670, RBP=0x00000000a144e72c, RSI=0x0000000000000003, RDI=0x000000000268b2e0
R8 =0x0000000003a003a8, R9 =0x00000000149e40b9, R10=0x000000000000000c, R11=0x0000000000000a78
R12=0x00000000a144e750, R13=0x0000000100008fb8, R14=0x0000000100008fc0, R15=0x00000000a144e6f8
RIP=0x0000000056c251be, EFLAGS=0x0000000000010202

Top of Stack: (sp=0x000000001236f670)
0x000000001236f670:   00000000a10b6538 00000000a144e724
0x000000001236f680:   0000000000000003 000000000268b2e0
0x000000001236f690:   0000000000000000 00000000025bc070
0x000000001236f6a0:   00000000025b2200 000000000268b2e0
0x000000001236f6b0:   0000000000000a78 0000000056f08140
0x000000001236f6c0:   00000000168f7400 000000001236f7d9
0x000000001236f6d0:   000000000268b2e0 00000000571656c8
0x000000001236f6e0:   00000000168f2f18 000000001236f7d9
0x000000001236f6f0:   0000000000000000 0000000000000004
0x000000001236f700:   000000000268b2e0 0000000056c23822
0x000000001236f710:   00000000a02479a0 0000000000000000
0x000000001236f720:   0000000000000000 00000000025b2200
0x000000001236f730:   00000000025bc080 00000000025bc070
0x000000001236f740:   00000000571656c8 000000000268b2e0
0x000000001236f750:   00000000025bd700 000000001236f7d9
0x000000001236f760:   0000000015ee5540 0000000056f053b0 

Instructions: (pc=0x0000000056c251be)
0x0000000056c2519e:   48 ff c8 4c 8d 0c 10 48 f7 d0 49 c1 e9 03 48 c1
0x0000000056c251ae:   e8 03 44 23 c8 eb 12 49 8b 00 48 8b d3 49 8b c8
0x0000000056c251be:   ff 90 e8 00 00 00 44 8b c8 49 63 f1 48 8d 0d 7f
0x0000000056c251ce:   86 70 00 48 8b d3 4c 8b c6 e8 f4 f5 2d 00 84 c0 


Register to memory mapping:

RAX=0x48243c894c082474 is an unknown value
RBX=0x00000000a10b65d0 is pointing into object: 0x00000000a10b65b8
[C 
 - klass: {type array char}
 - length: 44
RCX=0x0000000003a003a8 is at entry_point+872 in (nmethod*)0x00000000039ffed0
RDX=0x00000000a10b65d0 is pointing into object: 0x00000000a10b65b8
[C 
 - klass: {type array char}
 - length: 44
RSP=0x000000001236f670 is an unknown value
RBP=0x00000000a144e72c is pointing into object: 0x00000000a144e6f8
java.lang.reflect.Method 
 - klass: 'java/lang/reflect/Method'
RSI=0x0000000000000003 is an unknown value
RDI=0x000000000268b2e0 is an unknown value
R8 =0x0000000003a003a8 is at entry_point+872 in (nmethod*)0x00000000039ffed0
R9 =0x00000000149e40b9 is an unknown value
R10=0x000000000000000c is an unknown value
R11=0x0000000000000a78 is an unknown value
R12=0x00000000a144e750 is an oop
org.codehaus.groovy.reflection.CachedMethod 
 - klass: 'org/codehaus/groovy/reflection/CachedMethod'
R13=0x0000000100008fb8 is pointing into metadata
R14=0x0000000100008fc0 is pointing into metadata
R15=0x00000000a144e6f8 is an oop
java.lang.reflect.Method 
 - klass: 'java/lang/reflect/Method'


Stack: [0x0000000012270000,0x0000000012370000],  sp=0x000000001236f670,  free space=1021k
Native frames: (J=compiled Java code, j=interpreted, Vv=VM code, C=native code)
V  [jvm.dll+0x1151be]
V  [jvm.dll+0x3f8140]
V  [jvm.dll+0x3f53b0]
V  [jvm.dll+0x3f2fde]
V  [jvm.dll+0x29ca6a]
C  [msvcr100.dll+0x21d9f]
C  [msvcr100.dll+0x21e3b]
C  [KERNEL32.DLL+0x16ad]
C  [ntdll.dll+0x154e4]


---------------  P R O C E S S  ---------------

Java Threads: ( => current thread )
  0x0000000017e81000 JavaThread "ForkJoinPool-1-worker-0" daemon [_thread_blocked, id=6740, stack(0x0000000023ee0000,0x0000000023fe0000)]
  0x0000000017e84000 JavaThread "ForkJoinPool-1-worker-3" daemon [_thread_blocked, id=2892, stack(0x0000000023de0000,0x0000000023ee0000)]
  0x0000000017e80800 JavaThread "ForkJoinPool-1-worker-2" daemon [_thread_blocked, id=6200, stack(0x0000000023ce0000,0x0000000023de0000)]
  0x0000000017e82800 JavaThread "ForkJoinPool-1-worker-1" daemon [_thread_blocked, id=5984, stack(0x0000000023be0000,0x0000000023ce0000)]
  0x0000000017e83800 JavaThread "ForkJoinPool.commonPool-worker-2" daemon [_thread_blocked, id=4208, stack(0x00000000232e0000,0x00000000233e0000)]
  0x000000001cd2e800 JavaThread "ForkJoinPool.commonPool-worker-1" daemon [_thread_blocked, id=612, stack(0x00000000231e0000,0x00000000232e0000)]
  0x000000001cd2f000 JavaThread "Worker Daemon Execution" [_thread_blocked, id=6108, stack(0x0000000021ab0000,0x0000000021bb0000)]
  0x000000001cd22800 JavaThread "Cache worker for Java compile cache (C:\Users\USER\Desktop\NaiveBayesApp-master(1)\NaiveBayesApp-master\.gradle\4.6\javaCompile)" [_thread_blocked, id=8588, stack(0x000000001ded0000,0x000000001dfd0000)]
  0x000000001cd2d800 JavaThread "stdout" daemon [_thread_in_native, id=4444, stack(0x0000000022ae0000,0x0000000022be0000)]
  0x000000001cd2c000 JavaThread "stderr" daemon [_thread_in_native, id=6100, stack(0x00000000229e0000,0x0000000022ae0000)]
  0x000000001cd2d000 JavaThread "stdout" daemon [_thread_in_native, id=1156, stack(0x00000000228e0000,0x00000000229e0000)]
  0x000000001cd28800 JavaThread "stderr" daemon [_thread_in_native, id=4828, stack(0x00000000227e0000,0x00000000228e0000)]
  0x000000001cd2b800 JavaThread "stdout" daemon [_thread_in_native, id=8964, stack(0x00000000226e0000,0x00000000227e0000)]
  0x000000001cd29000 JavaThread "stderr" daemon [_thread_in_native, id=3276, stack(0x00000000225e0000,0x00000000226e0000)]
  0x000000001cd2a800 JavaThread "pool-3-thread-1" [_thread_blocked, id=7664, stack(0x00000000224e0000,0x00000000225e0000)]
  0x000000001cd26000 JavaThread "Java2D Disposer" daemon [_thread_blocked, id=2820, stack(0x00000000223e0000,0x00000000224e0000)]
  0x000000001cd24000 JavaThread "Task worker for ':' Thread 3" [_thread_blocked, id=8228, stack(0x0000000021de0000,0x0000000021ee0000)]
  0x000000001cd23000 JavaThread "Task worker for ':' Thread 2" [_thread_blocked, id=4292, stack(0x0000000021ce0000,0x0000000021de0000)]
  0x000000001cd24800 JavaThread "Task worker for ':'" [_thread_blocked, id=9024, stack(0x0000000021be0000,0x0000000021ce0000)]
  0x000000001cd21000 JavaThread "Cache worker for Build Output Cleanup Cache (C:\Users\USER\Desktop\NaiveBayesApp-master(1)\NaiveBayesApp-master\.gradle\buildOutputCleanup)" [_thread_blocked, id=7164, stack(0x00000000217b0000,0x00000000218b0000)]
  0x000000001cd21800 JavaThread "Cache worker for task history cache (C:\Users\USER\Desktop\NaiveBayesApp-master(1)\NaiveBayesApp-master\.gradle\4.6\taskHistory)" [_thread_blocked, id=5912, stack(0x0000000020a70000,0x0000000020b70000)]
  0x000000001cd20000 JavaThread "Cache worker for file content cache (C:\Users\USER\Desktop\NaiveBayesApp-master(1)\NaiveBayesApp-master\.gradle\4.6\fileContent)" [_thread_blocked, id=6352, stack(0x000000001a620000,0x000000001a720000)]
  0x0000000018f7e800 JavaThread "Memory manager" [_thread_blocked, id=1440, stack(0x000000001e5d0000,0x000000001e6d0000)]
  0x0000000018f7b000 JavaThread "Build operations Thread 4" [_thread_blocked, id=4572, stack(0x000000001ddd0000,0x000000001ded0000)]
  0x0000000018f7b800 JavaThread "Build operations Thread 3" [_thread_blocked, id=2600, stack(0x000000001dcd0000,0x000000001ddd0000)]
  0x0000000018f7e000 JavaThread "Build operations Thread 2" [_thread_blocked, id=9852, stack(0x000000001dbd0000,0x000000001dcd0000)]
  0x0000000018f7a000 JavaThread "Build operations" [_thread_blocked, id=7648, stack(0x000000001dad0000,0x000000001dbd0000)]
  0x0000000018f7d000 JavaThread "Cache worker for Artifact transforms cache (C:\Users\USER\.gradle\caches\transforms-1)" [_thread_blocked, id=4348, stack(0x000000001d5c0000,0x000000001d6c0000)]
  0x0000000018f7c800 JavaThread "Cache worker for file hash cache (C:\Users\USER\Desktop\NaiveBayesApp-master(1)\NaiveBayesApp-master\.gradle\4.6\fileHashes)" [_thread_blocked, id=6192, stack(0x000000001baf0000,0x000000001bbf0000)]
  0x0000000018f78000 JavaThread "File lock request listener" [_thread_in_native, id=5184, stack(0x000000001b9f0000,0x000000001baf0000)]
  0x0000000018f78800 JavaThread "Cache worker for file hash cache (C:\Users\USER\.gradle\caches\4.6\fileHashes)" [_thread_blocked, id=7016, stack(0x000000001a920000,0x000000001aa20000)]
  0x0000000017b17000 JavaThread "Asynchronous log dispatcher for DefaultDaemonConnection: socket connection from /127.0.0.1:20789 to /127.0.0.1:20790" [_thread_blocked, id=4476, stack(0x000000001a520000,0x000000001a620000)]
  0x000000001791f800 JavaThread "Daemon worker" [_thread_blocked, id=3736, stack(0x000000001a420000,0x000000001a520000)]
  0x0000000018411800 JavaThread "Cancel handler" [_thread_blocked, id=2768, stack(0x000000001a320000,0x000000001a420000)]
  0x0000000018f1f800 JavaThread "Handler for socket connection from /127.0.0.1:20789 to /127.0.0.1:20790" [_thread_in_native, id=9444, stack(0x000000001a020000,0x000000001a120000)]
  0x000000001850f800 JavaThread "Daemon" [_thread_blocked, id=9888, stack(0x0000000019f20000,0x000000001a020000)]
  0x0000000018f2f800 JavaThread "Daemon periodic checks" [_thread_blocked, id=1708, stack(0x0000000019e20000,0x0000000019f20000)]
  0x0000000018244800 JavaThread "Incoming local TCP Connector on port 20789" [_thread_in_native, id=7528, stack(0x0000000019c30000,0x0000000019d30000)]
  0x0000000018b27800 JavaThread "Daemon health stats" [_thread_blocked, id=188, stack(0x0000000019650000,0x0000000019750000)]
  0x00000000178a1000 JavaThread "Service Thread" daemon [_thread_blocked, id=9148, stack(0x0000000017c80000,0x0000000017d80000)]
  0x000000001606a000 JavaThread "C1 CompilerThread2" daemon [_thread_blocked, id=2628, stack(0x0000000017780000,0x0000000017880000)]
  0x0000000016017800 JavaThread "C2 CompilerThread1" daemon [_thread_blocked, id=9176, stack(0x0000000017680000,0x0000000017780000)]
  0x000000001600e800 JavaThread "C2 CompilerThread0" daemon [_thread_blocked, id=7240, stack(0x0000000017580000,0x0000000017680000)]
  0x000000001600c800 JavaThread "Attach Listener" daemon [_thread_blocked, id=5784, stack(0x0000000017480000,0x0000000017580000)]
  0x000000001600b000 JavaThread "Signal Dispatcher" daemon [_thread_blocked, id=3400, stack(0x0000000017380000,0x0000000017480000)]
  0x0000000015ffa800 JavaThread "Finalizer" daemon [_thread_blocked, id=5336, stack(0x0000000017270000,0x0000000017370000)]
  0x0000000015fd9000 JavaThread "Reference Handler" daemon [_thread_blocked, id=1004, stack(0x0000000017170000,0x0000000017270000)]
  0x00000000025a2800 JavaThread "main" [_thread_blocked, id=1092, stack(0x00000000023a0000,0x00000000024a0000)]

Other Threads:
  0x0000000015fd7000 VMThread [stack: 0x0000000017070000,0x0000000017170000] [id=6688]
  0x00000000178a5800 WatcherThread [stack: 0x0000000017d80000,0x0000000017e80000] [id=3492]

=>0x00000000025bb800 (exited) GCTaskThread [stack: 0x0000000012270000,0x0000000012370000] [id=8940]

VM state:at safepoint (normal execution)

VM Mutex/Monitor currently owned by a thread:  ([mutex/lock_event])
[0x00000000024ac0c0] Threads_lock - owner thread: 0x0000000015fd7000
[0x00000000024acb40] Heap_lock - owner thread: 0x0000000017e81000

Heap:
 PSYoungGen      total 70144K, used 15869K [0x00000000e0000000, 0x00000000e6380000, 0x0000000100000000)
  eden space 54272K, 0% used [0x00000000e0000000,0x00000000e0000000,0x00000000e3500000)
  from space 15872K, 99% used [0x00000000e3500000,0x00000000e447f548,0x00000000e4480000)
  to   space 20480K, 0% used [0x00000000e4f80000,0x00000000e4f80000,0x00000000e6380000)
 ParOldGen       total 76288K, used 68922K [0x00000000a0000000, 0x00000000a4a80000, 0x00000000e0000000)
  object space 76288K, 90% used [0x00000000a0000000,0x00000000a434ea20,0x00000000a4a80000)
 Metaspace       used 76574K, capacity 79326K, committed 79488K, reserved 1118208K
  class space    used 10208K, capacity 10774K, committed 10880K, reserved 1048576K

Card table byte_map: [0x0000000011a60000,0x0000000011d70000] byte_map_base: 0x0000000011560000

Marking Bits: (ParMarkBitMap*) 0x000000005732d850
 Begin Bits: [0x0000000012370000, 0x0000000013b70000)
 End Bits:   [0x0000000013b70000, 0x0000000015370000)

Polling page: 0x0000000000c20000

CodeCache: size=245760Kb used=36051Kb max_used=36301Kb free=209708Kb
 bounds [0x00000000026a0000, 0x0000000004a70000, 0x00000000116a0000]
 total_blobs=11963 nmethods=11040 adapters=834
 compilation: enabled

Compilation events (10 events):
Event: 293.917 Thread 0x000000001606a000 12896       3       com.android.tools.r8.graph.DexProgramClass::accumulateSynthesizedFrom (63 bytes)
Event: 293.918 Thread 0x000000001606a000 nmethod 12896 0x0000000002db1150 code [0x0000000002db1320, 0x0000000002db1a58]
Event: 293.918 Thread 0x000000001606a000 12897       3       com.android.tools.r8.graph.ClassKind$$Lambda$371/1244562728::accept (16 bytes)
Event: 293.919 Thread 0x000000001606a000 nmethod 12897 0x0000000003fc4a50 code [0x0000000003fc4bc0, 0x0000000003fc4f48]
Event: 293.921 Thread 0x000000001606a000 12900       3       com.android.tools.r8.code.Format20t::hashCode (13 bytes)
Event: 293.922 Thread 0x000000001606a000 nmethod 12900 0x0000000002a6c090 code [0x0000000002a6c200, 0x0000000002a6c4c8]
Event: 293.923 Thread 0x000000001606a000 12901       3       com.android.tools.r8.graph.DexAnnotation::isInnerClassAnnotation (20 bytes)
Event: 293.924 Thread 0x000000001606a000 nmethod 12901 0x0000000004011f90 code [0x00000000040120e0, 0x0000000004012290]
Event: 293.925 Thread 0x000000001606a000 12902       3       com.android.tools.r8.graph.DexProgramClass::<init> (88 bytes)
Event: 293.926 Thread 0x000000001606a000 nmethod 12902 0x0000000003d673d0 code [0x0000000003d67580, 0x0000000003d67bf8]

GC Heap History (10 events):
Event: 254.238 GC heap after
Heap after GC invocations=42 (full 3):
 PSYoungGen      total 59392K, used 9784K [0x00000000e0000000, 0x00000000e4d00000, 0x0000000100000000)
  eden space 47616K, 0% used [0x00000000e0000000,0x00000000e0000000,0x00000000e2e80000)
  from space 11776K, 83% used [0x00000000e2e80000,0x00000000e380e1d0,0x00000000e3a00000)
  to   space 12800K, 0% used [0x00000000e4080000,0x00000000e4080000,0x00000000e4d00000)
 ParOldGen       total 76288K, used 49390K [0x00000000a0000000, 0x00000000a4a80000, 0x00000000e0000000)
  object space 76288K, 64% used [0x00000000a0000000,0x00000000a303b8e8,0x00000000a4a80000)
 Metaspace       used 66550K, capacity 68294K, committed 68608K, reserved 1107968K
  class space    used 8925K, capacity 9374K, committed 9472K, reserved 1048576K
}
Event: 279.785 GC heap before
{Heap before GC invocations=43 (full 3):
 PSYoungGen      total 59392K, used 57400K [0x00000000e0000000, 0x00000000e4d00000, 0x0000000100000000)
  eden space 47616K, 100% used [0x00000000e0000000,0x00000000e2e80000,0x00000000e2e80000)
  from space 11776K, 83% used [0x00000000e2e80000,0x00000000e380e1d0,0x00000000e3a00000)
  to   space 12800K, 0% used [0x00000000e4080000,0x00000000e4080000,0x00000000e4d00000)
 ParOldGen       total 76288K, used 49390K [0x00000000a0000000, 0x00000000a4a80000, 0x00000000e0000000)
  object space 76288K, 64% used [0x00000000a0000000,0x00000000a303b8e8,0x00000000a4a80000)
 Metaspace       used 70590K, capacity 72652K, committed 72960K, reserved 1112064K
  class space    used 9429K, capacity 9925K, committed 9984K, reserved 1048576K
Event: 279.833 GC heap after
Heap after GC invocations=43 (full 3):
 PSYoungGen      total 61952K, used 12781K [0x00000000e0000000, 0x00000000e5480000, 0x0000000100000000)
  eden space 49152K, 0% used [0x00000000e0000000,0x00000000e0000000,0x00000000e3000000)
  from space 12800K, 99% used [0x00000000e4080000,0x00000000e4cfb448,0x00000000e4d00000)
  to   space 16896K, 0% used [0x00000000e3000000,0x00000000e3000000,0x00000000e4080000)
 ParOldGen       total 76288K, used 54081K [0x00000000a0000000, 0x00000000a4a80000, 0x00000000e0000000)
  object space 76288K, 70% used [0x00000000a0000000,0x00000000a34d07c0,0x00000000a4a80000)
 Metaspace       used 70590K, capacity 72652K, committed 72960K, reserved 1112064K
  class space    used 9429K, capacity 9925K, committed 9984K, reserved 1048576K
}
Event: 285.828 GC heap before
{Heap before GC invocations=44 (full 3):
 PSYoungGen      total 61952K, used 61933K [0x00000000e0000000, 0x00000000e5480000, 0x0000000100000000)
  eden space 49152K, 100% used [0x00000000e0000000,0x00000000e3000000,0x00000000e3000000)
  from space 12800K, 99% used [0x00000000e4080000,0x00000000e4cfb448,0x00000000e4d00000)
  to   space 16896K, 0% used [0x00000000e3000000,0x00000000e3000000,0x00000000e4080000)
 ParOldGen       total 76288K, used 54081K [0x00000000a0000000, 0x00000000a4a80000, 0x00000000e0000000)
  object space 76288K, 70% used [0x00000000a0000000,0x00000000a34d07c0,0x00000000a4a80000)
 Metaspace       used 75244K, capacity 77636K, committed 77952K, reserved 1116160K
  class space    used 10043K, capacity 10561K, committed 10624K, reserved 1048576K
Event: 285.870 GC heap after
Heap after GC invocations=44 (full 3):
 PSYoungGen      total 66048K, used 9386K [0x00000000e0000000, 0x00000000e5600000, 0x0000000100000000)
  eden space 49152K, 0% used [0x00000000e0000000,0x00000000e0000000,0x00000000e3000000)
  from space 16896K, 55% used [0x00000000e3000000,0x00000000e392ab58,0x00000000e4080000)
  to   space 16896K, 0% used [0x00000000e4580000,0x00000000e4580000,0x00000000e5600000)
 ParOldGen       total 76288K, used 62933K [0x00000000a0000000, 0x00000000a4a80000, 0x00000000e0000000)
  object space 76288K, 82% used [0x00000000a0000000,0x00000000a3d75638,0x00000000a4a80000)
 Metaspace       used 75244K, capacity 77636K, committed 77952K, reserved 1116160K
  class space    used 10043K, capacity 10561K, committed 10624K, reserved 1048576K
}
Event: 290.396 GC heap before
{Heap before GC invocations=45 (full 3):
 PSYoungGen      total 66048K, used 58481K [0x00000000e0000000, 0x00000000e5600000, 0x0000000100000000)
  eden space 49152K, 99% used [0x00000000e0000000,0x00000000e2ff18b0,0x00000000e3000000)
  from space 16896K, 55% used [0x00000000e3000000,0x00000000e392ab58,0x00000000e4080000)
  to   space 16896K, 0% used [0x00000000e4580000,0x00000000e4580000,0x00000000e5600000)
 ParOldGen       total 76288K, used 62933K [0x00000000a0000000, 0x00000000a4a80000, 0x00000000e0000000)
  object space 76288K, 82% used [0x00000000a0000000,0x00000000a3d75638,0x00000000a4a80000)
 Metaspace       used 75838K, capacity 78488K, committed 78592K, reserved 1118208K
  class space    used 10116K, capacity 10661K, committed 10752K, reserved 1048576K
Event: 290.415 GC heap after
Heap after GC invocations=45 (full 3):
 PSYoungGen      total 69120K, used 6994K [0x00000000e0000000, 0x00000000e5400000, 0x0000000100000000)
  eden space 54272K, 0% used [0x00000000e0000000,0x00000000e0000000,0x00000000e3500000)
  from space 14848K, 47% used [0x00000000e4580000,0x00000000e4c54940,0x00000000e5400000)
  to   space 15872K, 0% used [0x00000000e3500000,0x00000000e3500000,0x00000000e4480000)
 ParOldGen       total 76288K, used 62941K [0x00000000a0000000, 0x00000000a4a80000, 0x00000000e0000000)
  object space 76288K, 82% used [0x00000000a0000000,0x00000000a3d77638,0x00000000a4a80000)
 Metaspace       used 75838K, capacity 78488K, committed 78592K, reserved 1118208K
  class space    used 10116K, capacity 10661K, committed 10752K, reserved 1048576K
}
Event: 293.942 GC heap before
{Heap before GC invocations=46 (full 3):
 PSYoungGen      total 69120K, used 61266K [0x00000000e0000000, 0x00000000e5400000, 0x0000000100000000)
  eden space 54272K, 100% used [0x00000000e0000000,0x00000000e3500000,0x00000000e3500000)
  from space 14848K, 47% used [0x00000000e4580000,0x00000000e4c54940,0x00000000e5400000)
  to   space 15872K, 0% used [0x00000000e3500000,0x00000000e3500000,0x00000000e4480000)
 ParOldGen       total 76288K, used 62941K [0x00000000a0000000, 0x00000000a4a80000, 0x00000000e0000000)
  object space 76288K, 82% used [0x00000000a0000000,0x00000000a3d77638,0x00000000a4a80000)
 Metaspace       used 76574K, capacity 79326K, committed 79488K, reserved 1118208K
  class space    used 10208K, capacity 10774K, committed 10880K, reserved 1048576K
Event: 294.013 GC heap after
Heap after GC invocations=46 (full 3):
 PSYoungGen      total 70144K, used 15869K [0x00000000e0000000, 0x00000000e6380000, 0x0000000100000000)
  eden space 54272K, 0% used [0x00000000e0000000,0x00000000e0000000,0x00000000e3500000)
  from space 15872K, 99% used [0x00000000e3500000,0x00000000e447f548,0x00000000e4480000)
  to   space 20480K, 0% used [0x00000000e4f80000,0x00000000e4f80000,0x00000000e6380000)
 ParOldGen       total 76288K, used 68922K [0x00000000a0000000, 0x00000000a4a80000, 0x00000000e0000000)
  object space 76288K, 90% used [0x00000000a0000000,0x00000000a434ea20,0x00000000a4a80000)
 Metaspace       used 76574K, capacity 79326K, committed 79488K, reserved 1118208K
  class space    used 10208K, capacity 10774K, committed 10880K, reserved 1048576K
}
Event: 294.046 GC heap before
{Heap before GC invocations=47 (full 4):
 PSYoungGen      total 70144K, used 15869K [0x00000000e0000000, 0x00000000e6380000, 0x0000000100000000)
  eden space 54272K, 0% used [0x00000000e0000000,0x00000000e0000000,0x00000000e3500000)
  from space 15872K, 99% used [0x00000000e3500000,0x00000000e447f548,0x00000000e4480000)
  to   space 20480K, 0% used [0x00000000e4f80000,0x00000000e4f80000,0x00000000e6380000)
 ParOldGen       total 76288K, used 68922K [0x00000000a0000000, 0x00000000a4a80000, 0x00000000e0000000)
  object space 76288K, 90% used [0x00000000a0000000,0x00000000a434ea20,0x00000000a4a80000)
 Metaspace       used 76574K, capacity 79326K, committed 79488K, reserved 1118208K
  class space    used 10208K, capacity 10774K, committed 10880K, reserved 1048576K

Deoptimization events (10 events):
Event: 290.111 Thread 0x000000001cd2e800 Uncommon trap: reason=array_check action=maybe_recompile pc=0x00000000049998d4 method=java.util.TimSort.reverseRange([Ljava/lang/Object;II)V @ 27
Event: 290.112 Thread 0x000000001cd2e800 Uncommon trap: reason=array_check action=maybe_recompile pc=0x00000000049998d4 method=java.util.TimSort.reverseRange([Ljava/lang/Object;II)V @ 27
Event: 292.583 Thread 0x000000001cd23000 Uncommon trap: reason=unstable_if action=reinterpret pc=0x0000000002923744 method=java.io.WinNTFileSystem.resolve(Ljava/lang/String;Ljava/lang/String;)Ljava/lang/String; @ 36
Event: 292.644 Thread 0x000000001cd23000 Uncommon trap: reason=unstable_if action=reinterpret pc=0x0000000002a60ba0 method=java.lang.String.regionMatches(ZILjava/lang/String;II)Z @ 102
Event: 293.214 Thread 0x000000001cd23000 Uncommon trap: reason=unstable_if action=reinterpret pc=0x00000000036e6154 method=java.nio.Bits.getShort(Ljava/nio/ByteBuffer;IZ)S @ 1
Event: 293.533 Thread 0x0000000017e82800 Uncommon trap: reason=unstable_if action=reinterpret pc=0x00000000031b50f8 method=java.util.Arrays.hashCode([Ljava/lang/Object;)I @ 1
Event: 293.534 Thread 0x0000000017e81000 Uncommon trap: reason=unstable_if action=reinterpret pc=0x00000000031b50f8 method=java.util.Arrays.hashCode([Ljava/lang/Object;)I @ 1
Event: 293.552 Thread 0x0000000017e84000 Uncommon trap: reason=unstable_if action=reinterpret pc=0x0000000004a2e0c8 method=java.util.Arrays.equals([B[B)Z @ 2
Event: 293.613 Thread 0x0000000017e84000 Uncommon trap: reason=unstable_if action=reinterpret pc=0x00000000034976dc method=com.android.tools.r8.graph.DexString.slowCompareTo(Lcom/android/tools/r8/graph/DexString;)I @ 136
Event: 293.751 Thread 0x0000000017e84000 Uncommon trap: reason=unstable_if action=reinterpret pc=0x00000000036d75a0 method=com.android.tools.r8.dex.DexParser.cacheAt(ILjava/util/function/Supplier;)Ljava/lang/Object; @ 1

Internal exceptions (10 events):
Event: 291.492 Thread 0x0000000017e83800 Exception <a 'sun/nio/fs/WindowsException'> (0x00000000e08e58a0) thrown at [C:\re\workspace\8-2-build-windows-amd64-cygwin\jdk8u144\9417\hotspot\src\share\vm\prims\jni.cpp, line 709]
Event: 291.497 Thread 0x0000000017e83800 Exception <a 'sun/nio/fs/WindowsException'> (0x00000000e08ec2e8) thrown at [C:\re\workspace\8-2-build-windows-amd64-cygwin\jdk8u144\9417\hotspot\src\share\vm\prims\jni.cpp, line 709]
Event: 291.503 Thread 0x0000000017e83800 Exception <a 'sun/nio/fs/WindowsException'> (0x00000000e08f17f0) thrown at [C:\re\workspace\8-2-build-windows-amd64-cygwin\jdk8u144\9417\hotspot\src\share\vm\prims\jni.cpp, line 709]
Event: 291.537 Thread 0x0000000017e83800 Exception <a 'sun/nio/fs/WindowsException'> (0x00000000e09b6db0) thrown at [C:\re\workspace\8-2-build-windows-amd64-cygwin\jdk8u144\9417\hotspot\src\share\vm\prims\jni.cpp, line 709]
Event: 291.621 Thread 0x0000000017e83800 Exception <a 'sun/nio/fs/WindowsException'> (0x00000000e0a02418) thrown at [C:\re\workspace\8-2-build-windows-amd64-cygwin\jdk8u144\9417\hotspot\src\share\vm\prims\jni.cpp, line 709]
Event: 291.624 Thread 0x0000000017e83800 Exception <a 'sun/nio/fs/WindowsException'> (0x00000000e0a081c8) thrown at [C:\re\workspace\8-2-build-windows-amd64-cygwin\jdk8u144\9417\hotspot\src\share\vm\prims\jni.cpp, line 709]
Event: 292.811 Thread 0x000000001cd23000 Exception <a 'sun/nio/fs/WindowsException'> (0x00000000e109e9a0) thrown at [C:\re\workspace\8-2-build-windows-amd64-cygwin\jdk8u144\9417\hotspot\src\share\vm\prims\jni.cpp, line 709]
Event: 293.109 Thread 0x000000001cd23000 Exception <a 'sun/nio/fs/WindowsException'> (0x00000000e1804820) thrown at [C:\re\workspace\8-2-build-windows-amd64-cygwin\jdk8u144\9417\hotspot\src\share\vm\prims\jni.cpp, line 709]
Event: 293.533 Thread 0x0000000017e82800 Implicit null exception at 0x00000000031b4fef to 0x00000000031b50e9
Event: 293.533 Thread 0x0000000017e81000 Implicit null exception at 0x00000000031b4fef to 0x00000000031b50e9

Events (10 events):
Event: 293.727 Thread 0x000000001606a000 flushing nmethod 0x0000000003b82590
Event: 293.728 Thread 0x000000001606a000 flushing nmethod 0x0000000003c72110
Event: 293.729 Thread 0x000000001606a000 flushing nmethod 0x0000000003d23e10
Event: 293.729 Thread 0x000000001606a000 flushing nmethod 0x0000000003d73e90
Event: 293.729 Thread 0x000000001606a000 flushing nmethod 0x0000000003d80250
Event: 293.737 Thread 0x000000001606a000 flushing nmethod 0x000000000443a410
Event: 293.751 Thread 0x0000000017e84000 Uncommon trap: trap_request=0xffffff65 fr.pc=0x00000000036d75a0
Event: 293.751 Thread 0x0000000017e84000 DEOPT PACKING pc=0x00000000036d75a0 sp=0x0000000023edee30
Event: 293.751 Thread 0x0000000017e84000 DEOPT UNPACKING pc=0x00000000026e582a sp=0x0000000023edee20 mode 2
Event: 293.926 Executing VM operation: ParallelGCFailedAllocation


Dynamic libraries:
0x00007ff7e0030000 - 0x00007ff7e0067000 	C:\Program Files\Java\jdk1.8.0_144\bin\java.exe
0x00007ffcd3750000 - 0x00007ffcd38fd000 	C:\Windows\SYSTEM32\ntdll.dll
0x00007ffcd1c30000 - 0x00007ffcd1d6a000 	C:\Windows\system32\KERNEL32.DLL
0x00007ffcd0af0000 - 0x00007ffcd0c05000 	C:\Windows\system32\KERNELBASE.dll
0x00007ffccf630000 - 0x00007ffccf6b8000 	C:\Windows\system32\apphelp.dll
0x00007ffcc3310000 - 0x00007ffcc335f000 	C:\Windows\AppPatch\AppPatch64\AcGenral.DLL
0x00007ffcd1f10000 - 0x00007ffcd1fb7000 	C:\Windows\system32\msvcrt.dll
0x00007ffcd0850000 - 0x00007ffcd087e000 	C:\Windows\SYSTEM32\SspiCli.dll
0x00007ffcd1950000 - 0x00007ffcd19a1000 	C:\Windows\system32\SHLWAPI.dll
0x00007ffcd1fc0000 - 0x00007ffcd2131000 	C:\Windows\system32\USER32.dll
0x00007ffcd17d0000 - 0x00007ffcd1948000 	C:\Windows\system32\ole32.dll
0x00007ffcd2150000 - 0x00007ffcd3567000 	C:\Windows\system32\SHELL32.dll
0x00007ffcd0070000 - 0x00007ffcd008e000 	C:\Windows\SYSTEM32\USERENV.dll
0x00007ffcd1d90000 - 0x00007ffcd1e35000 	C:\Windows\system32\ADVAPI32.dll
0x00007ffcc5ef0000 - 0x00007ffcc5f0b000 	C:\Windows\SYSTEM32\MPR.dll
0x00007ffcd1690000 - 0x00007ffcd17c6000 	C:\Windows\system32\RPCRT4.dll
0x00007ffcd36c0000 - 0x00007ffcd3719000 	C:\Windows\SYSTEM32\sechost.dll
0x00007ffcd1040000 - 0x00007ffcd1251000 	C:\Windows\SYSTEM32\combase.dll
0x00007ffcd1260000 - 0x00007ffcd13af000 	C:\Windows\system32\GDI32.dll
0x00007ffcd0a20000 - 0x00007ffcd0a34000 	C:\Windows\SYSTEM32\profapi.dll
0x00007ffccf030000 - 0x00007ffccf0cf000 	C:\Windows\SYSTEM32\SHCORE.dll
0x00007ffcd1000000 - 0x00007ffcd1034000 	C:\Windows\system32\IMM32.DLL
0x00007ffcd3580000 - 0x00007ffcd36b9000 	C:\Windows\system32\MSCTF.dll
0x00007ffccebe0000 - 0x00007ffccee5a000 	C:\Windows\WinSxS\amd64_microsoft.windows.common-controls_6595b64144ccf1df_6.0.9600.17810_none_6240b9c7ecbd0bda\COMCTL32.dll
0x00000000573b0000 - 0x0000000057482000 	C:\Program Files\Java\jdk1.8.0_144\jre\bin\msvcr100.dll
0x0000000056b10000 - 0x00000000573ad000 	C:\Program Files\Java\jdk1.8.0_144\jre\bin\server\jvm.dll
0x00007ffccee80000 - 0x00007ffccee89000 	C:\Windows\SYSTEM32\WSOCK32.dll
0x00007ffccf1e0000 - 0x00007ffccf1ff000 	C:\Windows\SYSTEM32\WINMM.dll
0x00007ffcce4f0000 - 0x00007ffcce4fa000 	C:\Windows\SYSTEM32\VERSION.dll
0x00007ffcd2140000 - 0x00007ffcd2147000 	C:\Windows\system32\PSAPI.DLL
0x00007ffcd13b0000 - 0x00007ffcd140a000 	C:\Windows\system32\WS2_32.dll
0x00007ffccf1b0000 - 0x00007ffccf1da000 	C:\Windows\SYSTEM32\WINMMBASE.dll
0x00007ffcd0ff0000 - 0x00007ffcd0ff9000 	C:\Windows\system32\NSI.dll
0x00007ffcd0ea0000 - 0x00007ffcd0eea000 	C:\Windows\SYSTEM32\cfgmgr32.dll
0x00007ffccf880000 - 0x00007ffccf8a6000 	C:\Windows\SYSTEM32\DEVOBJ.dll
0x0000000056b00000 - 0x0000000056b0f000 	C:\Program Files\Java\jdk1.8.0_144\jre\bin\verify.dll
0x0000000056ad0000 - 0x0000000056af9000 	C:\Program Files\Java\jdk1.8.0_144\jre\bin\java.dll
0x0000000056ab0000 - 0x0000000056ac6000 	C:\Program Files\Java\jdk1.8.0_144\jre\bin\zip.dll
0x0000000056a90000 - 0x0000000056aaa000 	C:\Program Files\Java\jdk1.8.0_144\jre\bin\net.dll
0x00007ffcd02c0000 - 0x00007ffcd0319000 	C:\Windows\system32\mswsock.dll
0x0000000056a70000 - 0x0000000056a81000 	C:\Program Files\Java\jdk1.8.0_144\jre\bin\nio.dll
0x00007ffccd570000 - 0x00007ffccd58e000 	C:\Users\USER\.gradle\native\25\windows-amd64\native-platform.dll
0x0000000056a60000 - 0x0000000056a6d000 	C:\Program Files\Java\jdk1.8.0_144\jre\bin\management.dll
0x00007ffcd0320000 - 0x00007ffcd033e000 	C:\Windows\SYSTEM32\CRYPTSP.dll
0x00007ffccff60000 - 0x00007ffccff95000 	C:\Windows\system32\rsaenh.dll
0x00007ffcd0550000 - 0x00007ffcd0576000 	C:\Windows\SYSTEM32\bcrypt.dll
0x00007ffcd0880000 - 0x00007ffcd08e3000 	C:\Windows\system32\bcryptprimitives.dll
0x00007ffcd08f0000 - 0x00007ffcd08fa000 	C:\Windows\SYSTEM32\CRYPTBASE.dll
0x00007ffccbd40000 - 0x00007ffccbd69000 	C:\Windows\SYSTEM32\IPHLPAPI.DLL
0x00007ffccbd10000 - 0x00007ffccbd1a000 	C:\Windows\SYSTEM32\WINNSI.DLL
0x00007ffccb5c0000 - 0x00007ffccb5d4000 	C:\Windows\SYSTEM32\dhcpcsvc6.DLL
0x00007ffccb9f0000 - 0x00007ffccba09000 	C:\Windows\SYSTEM32\dhcpcsvc.DLL
0x00000000568c0000 - 0x0000000056a58000 	C:\Program Files\Java\jdk1.8.0_144\jre\bin\awt.dll
0x00007ffcd1e50000 - 0x00007ffcd1f07000 	C:\Windows\system32\OLEAUT32.dll
0x00007ffccee60000 - 0x00007ffccee80000 	C:\Windows\system32\DWMAPI.DLL
0x00007ffcceab0000 - 0x00007ffccebd1000 	C:\Windows\system32\uxtheme.dll
0x0000000056890000 - 0x00000000568ba000 	C:\Program Files\Java\jdk1.8.0_144\jre\bin\dcpr.dll
0x00007ffccaf60000 - 0x00007ffccaf90000 	C:\Windows\SYSTEM32\ntmarta.dll
0x00007ffcba280000 - 0x00007ffcba408000 	C:\Windows\SYSTEM32\dbghelp.dll

VM Arguments:
jvm_args: -Xmx1536m -Dfile.encoding=windows-1252 -Duser.country=US -Duser.language=en -Duser.variant 
java_command: org.gradle.launcher.daemon.bootstrap.GradleDaemon 4.6
java_class_path (initial): C:\Users\USER\.gradle\wrapper\dists\gradle-4.6-all\bcst21l2brirad8k2ben1letg\gradle-4.6\lib\gradle-launcher-4.6.jar
Launcher Type: SUN_STANDARD

Environment Variables:
PATH=C:\Program Files (x86)\Common Files\Oracle\Java\javapath;C:\ProgramData\Oracle\Java\javapath;C:\Program Files (x86)\Common Files\Intel\Shared Files\cpp\bin\Intel64;C:\Windows\system32;C:\Windows;C:\Windows\System32\Wbem;C:\Windows\System32\WindowsPowerShell\v1.0\;C:\Program Files (x86)\Windows Live\Shared\;C:\Program Files\Java\jdk1.8.0_144\bin;C:\Program Files\Java\jre1.8.0_311\bin;D:\Matlab2016\R2016b\runtime\win64;D:\Matlab2016\R2016b\bin;D:\Matlab2016\R2016b\polyspace\bin;D:\MATLAB\R2016b\runtime\win64;D:\MATLAB\R2016b\bin;D:\MATLAB\R2016b\polyspace\bin;D:\IBM\SPSS\Statistics\24\JRE\bin;C:\Program Files\Git\cmd;C:\Users\USER\AppData\Roaming\Dashlane\4.6.6.23032\bin\Firefox_Extension\{442718d9-475e-452a-b3e1-fb1ee16b8e9f}\components;C:\Program Files\Java\jdk1.8.0_144\bin;C:\Program Files\Java\jre1.8.0_144\bin;C:\Users\USER\AppData\Local\Programs\MiKTeX 2.9\miktex\bin\x64\;C:\Users\USER\AppData\Roaming\Dashlane\6.2011.0.33406\bin\Firefox_Extension\{442718d9-475e-452a-b3e1-fb1ee16b8e9f}\components;C:\Users\USER\AppData\Roaming\Dashlane\6.2011.0.33406\ucrt;C:\Users\USER\AppData\Roaming\Dashlane\6.2011.0.33406\bin\Qt;C:\Users\USER\AppData\Roaming\Dashlane\6.2011.0.33406\bin\Ssl
USERNAME=USER
OS=Windows_NT
PROCESSOR_IDENTIFIER=AMD64 Family 22 Model 48 Stepping 1, AuthenticAMD



---------------  S Y S T E M  ---------------

OS: Windows 8.1 , 64 bit Build 9600 (6.3.9600.17056)

CPU:total 4 (initial active 4) (4 cores per cpu, 1 threads per core) family 22 model 48 stepping 1, cmov, cx8, fxsr, mmx, sse, sse2, sse3, ssse3, sse4.1, sse4.2, popcnt, avx, aes, clmul, mmxext, 3dnowpref, lzcnt, sse4a, tsc, tscinvbit, tscinv, bmi1

Memory: 4k page, physical 3633528k(262128k free), swap 10190772k(4246868k free)

vm_info: Java HotSpot(TM) 64-Bit Server VM (25.144-b01) for windows-amd64 JRE (1.8.0_144-b01), built on Jul 21 2017 21:57:33 by "java_re" with MS VC++ 10.0 (VS2010)

time: Sun Feb 06 15:53:37 2022
elapsed time: 301 seconds (0d 0h 5m 1s)

